<?xml version="1.0" encoding="UTF-8"?>
<!-- Generated by org.testng.reporters.JUnitReportReporter -->
<testsuite hostname="DESKTOP-4QG5HHP" failures="0" tests="4" name="com.spotify.tests.PlaylistWithReusbaleCalls" time="8.915" errors="0" timestamp="2023-08-17T20:46:10 IST" skipped="0">
  <testcase classname="com.spotify.tests.PlaylistWithReusbaleCalls" name="createPlaylist" time="5.514"/>
  <system-out/>
  <testcase classname="com.spotify.tests.PlaylistWithReusbaleCalls" name="getAPlaylist" time="1.892"/>
  <system-out/>
  <testcase classname="com.spotify.tests.PlaylistWithReusbaleCalls" name="updateAPlaylist" time="1.012"/>
  <system-out/>
  <testcase classname="com.spotify.tests.PlaylistWithReusbaleCalls" name="shouldNotbeAuthorized" time="0.497"/>
  <system-out/>
</testsuite> <!-- com.spotify.tests.PlaylistWithReusbaleCalls -->
