<?xml version="1.0" encoding="UTF-8"?>
<!-- Generated by org.testng.reporters.JUnitReportReporter -->
<testsuite hostname="DESKTOP-4QG5HHP" failures="0" tests="4" name="com.spotify.tests.PlaylistWithReusbaleCalls" time="8.325" errors="0" timestamp="2023-11-04T18:05:17 IST" skipped="0">
  <testcase classname="com.spotify.tests.PlaylistWithReusbaleCalls" name="createPlaylist" time="6.140"/>
  <system-out/>
  <testcase classname="com.spotify.tests.PlaylistWithReusbaleCalls" name="getAPlaylist" time="0.979"/>
  <system-out/>
  <testcase classname="com.spotify.tests.PlaylistWithReusbaleCalls" name="updateAPlaylist" time="0.902"/>
  <system-out/>
  <testcase classname="com.spotify.tests.PlaylistWithReusbaleCalls" name="shouldNotbeAuthorized" time="0.304"/>
  <system-out/>
</testsuite> <!-- com.spotify.tests.PlaylistWithReusbaleCalls -->
